FaceUpVersion/proguard/seeds.txt
android.support.v4.view.MenuItemCompatIcs$OnActionExpandListenerWrapper
android.support.v4.view.MenuItemCompatIcs$OnActionExpandListenerWrapper: android.support.v4.view.MenuItemCompatIcs$SupportActionExpandProxy mWrapped
android.support.v4.view.MenuItemCompatIcs$OnActionExpandListenerWrapper: MenuItemCompatIcs$OnActionExpandListenerWrapper(android.support.v4.view.MenuItemCompatIcs$SupportActionExpandProxy)
android.support.v4.view.MenuItemCompatIcs$OnActionExpandListenerWrapper: boolean onMenuItemActionExpand(android.view.MenuItem)
android.support.v4.view.MenuItemCompatIcs$OnActionExpandListenerWrapper: boolean onMenuItemActionCollapse(android.view.MenuItem)
android.support.v4.view.MenuItemCompatIcs$SupportActionExpandProxy
android.support.v4.view.MenuItemCompatIcs$SupportActionExpandProxy: boolean onMenuItemActionExpand(android.view.MenuItem)
android.support.v4.view.MenuItemCompatIcs$SupportActionExpandProxy: boolean onMenuItemActionCollapse(android.view.MenuItem)
android.support.v4.view.MotionEventCompat
android.support.v4.view.MotionEventCompat: android.support.v4.view.MotionEventCompat$MotionEventVersionImpl IMPL
android.support.v4.view.MotionEventCompat: int ACTION_MASK
android.support.v4.view.MotionEventCompat: int ACTION_POINTER_DOWN
android.support.v4.view.MotionEventCompat: int ACTION_POINTER_UP
android.support.v4.view.MotionEventCompat: int ACTION_HOVER_MOVE
android.support.v4.view.MotionEventCompat: int ACTION_SCROLL
android.support.v4.view.MotionEventCompat: int ACTION_POINTER_INDEX_MASK
android.support.v4.view.MotionEventCompat: int ACTION_POINTER_INDEX_SHIFT
android.support.v4.view.MotionEventCompat: int ACTION_HOVER_ENTER
android.support.v4.view.MotionEventCompat: int ACTION_HOVER_EXIT
android.support.v4.view.MotionEventCompat: MotionEventCompat()
android.support.v4.view.MotionEventCompat: int getActionMasked(android.view.MotionEvent)
android.support.v4.view.MotionEventCompat: int getActionIndex(android.view.MotionEvent)
android.support.v4.view.MotionEventCompat: int findPointerIndex(android.view.MotionEvent,int)
android.support.v4.view.MotionEventCompat: int getPointerId(android.view.MotionEvent,int)
android.support.v4.view.MotionEventCompat: float getX(android.view.MotionEvent,int)
android.support.v4.view.MotionEventCompat: float getY(android.view.MotionEvent,int)
android.support.v4.view.MotionEventCompat: int getPointerCount(android.view.MotionEvent)
android.support.v4.view.MotionEventCompat: void <clinit>()
android.support.v4.view.MotionEventCompat$BaseMotionEventVersionImpl
android.support.v4.view.MotionEventCompat$BaseMotionEventVersionImpl: MotionEventCompat$BaseMotionEventVersionImpl()
android.support.v4.view.MotionEventCompat$BaseMotionEventVersionImpl: int findPointerIndex(android.view.MotionEvent,int)
android.support.v4.view.MotionEventCompat$BaseMotionEventVersionImpl: int getPointerId(android.view.MotionEvent,int)
android.support.v4.view.MotionEventCompat$BaseMotionEventVersionImpl: float getX(android.view.MotionEvent,int)
android.support.v4.view.MotionEventCompat$BaseMotionEventVersionImpl: float getY(android.view.MotionEvent,int)
android.support.v4.view.MotionEventCompat$BaseMotionEventVersionImpl: int getPointerCount(android.view.MotionEvent)