FaceUpVersion/proguard/usage.txt
com.facepp.error.FaceppParseException:
    private static final long serialVersionUID
    27:27:public java.lang.String getErrorMessage()
    31:31:public java.lang.Integer getErrorCode()
    35:35:public java.lang.Integer getHttpResponseCode()
    39:39:public boolean isAPIError()
com.facepp.http.HttpRequests:
    private static final java.lang.String WEBSITE_CN
    private static final java.lang.String DWEBSITE_CN
    private static final java.lang.String WEBSITE_US
    private static final java.lang.String DWEBSITE_US
    private static final int BUFFERSIZE
    private static final int TIMEOUT
    private static final int SYNC_TIMEOUT
    48:49:public void setHttpTimeOut(int)
    56:56:public int getHttpTimeOut()
    63:63:public java.lang.String getApiKey()
    70:71:public void setApiKey(java.lang.String)
    77:77:public java.lang.String getApiSecret()
    84:85:public void setApiSecret(java.lang.String)
    104:104:public java.lang.String getWebSite()
    369:373:public HttpRequests(java.lang.String,java.lang.String)
    412:413:public void setParams(com.facepp.http.PostParameters)
    424:424:public org.json.JSONObject offlineDetect(byte[],java.lang.String)
    445:445:public org.json.JSONObject detectionDetect()
    452:452:public org.json.JSONObject detectionLandmark()
    455:455:public org.json.JSONObject detectionLandmark(com.facepp.http.PostParameters)
    459:459:public org.json.JSONObject trainVerify()
    466:466:public org.json.JSONObject trainSearch()
    469:469:public org.json.JSONObject trainSearch(com.facepp.http.PostParameters)
    473:473:public org.json.JSONObject trainIdentify()
    480:480:public org.json.JSONObject recognitionCompare()
    483:483:public org.json.JSONObject recognitionCompare(com.facepp.http.PostParameters)
com.facepp.http.PostParameters:
    private static final int boundaryLength
    private static final java.lang.String boundaryAlphabet
    69:70:public com.facepp.http.PostParameters setAsync(boolean)
    79:80:public com.facepp.http.PostParameters setUrl(java.lang.String)
    89:90:public com.facepp.http.PostParameters setAttribute(java.lang.String)
    99:100:public com.facepp.http.PostParameters setTag(java.lang.String)
    109:110:public com.facepp.http.PostParameters setImg(java.io.File)
    140:141:public com.facepp.http.PostParameters setFaceId1(java.lang.String)
    150:151:public com.facepp.http.PostParameters setFaceId2(java.lang.String)
    170:171:public com.facepp.http.PostParameters setGroupId(java.lang.String)
    190:191:public com.facepp.http.PostParameters setCount(int)
    200:201:public com.facepp.http.PostParameters setType(java.lang.String)
    220:221:public com.facepp.http.PostParameters setFacesetId(java.lang.String)
    230:231:public com.facepp.http.PostParameters setFacesetId(java.lang.String[])
    240:241:public com.facepp.http.PostParameters setFacesetId(java.util.ArrayList)
    250:251:public com.facepp.http.PostParameters setPersonId(java.lang.String)
    270:271:public com.facepp.http.PostParameters setName(java.lang.String)
    301:301:public com.facepp.http.PostParameters setFaceId(java.lang.String[])
    309:309:public com.facepp.http.PostParameters setPersonId(java.lang.String[])
com.tencent.connect.UserInfo:
    public static final java.lang.String GRAPH_OPEN_ID
    26:27:public UserInfo(android.content.Context,com.tencent.connect.auth.QQAuth,com.tencent.connect.auth.QQToken)
    37:41:public void getVipUserInfo(com.tencent.tauth.IUiListener)
    44:48:public void getVipUserRichInfo(com.tencent.tauth.IUiListener)
    55:60:public void getTenPayAddr(com.tencent.tauth.IUiListener)
    67:71:public void getOpenId(com.tencent.tauth.IUiListener)
com.tencent.connect.auth.AuthAgent:
    public static final java.lang.String SECURE_LIB_FILE_NAME
    public static final java.lang.String SECURE_LIB_NAME
com.tencent.connect.auth.AuthConstants